<?xml version="1.0" encoding="UTF-8"?>
<!-- Generated by org.testng.reporters.JUnitReportReporter -->
<testsuite hostname="Attune-9" name="te.SampleTestCaseTest" tests="2" failures="0" timestamp="29 Jun 2016 11:50:40 GMT" time="3.369" errors="0">
  <testcase name="MyTest1" time="0.015" classname="te.SampleTestCaseTest"/>
  <testcase name="PerTest" time="3.354" classname="te.SampleTestCaseTest"/>
</testsuite> <!-- te.SampleTestCaseTest -->
